{"E:\\WebStormProject\\AccountServer\\utils\\Code.js":{"path":"E:\\WebStormProject\\AccountServer\\utils\\Code.js","s":{"1":0,"2":0,"3":0,"4":0,"5":0,"6":0,"7":0,"8":0,"9":0,"10":0,"11":0,"12":0,"13":1},"b":{},"f":{"1":0,"2":0,"3":0},"fnMap":{"1":{"name":"(anonymous_1)","line":5,"loc":{"start":{"line":5,"column":15},"end":{"line":5,"column":29}}},"2":{"name":"(anonymous_2)","line":9,"loc":{"start":{"line":9,"column":13},"end":{"line":9,"column":15}}},"3":{"name":"(anonymous_3)","line":14,"loc":{"start":{"line":14,"column":16},"end":{"line":14,"column":18}}}},"statementMap":{"1":{"start":{"line":6,"column":8},"end":{"line":6,"column":29}},"2":{"start":{"line":7,"column":8},"end":{"line":7,"column":23}},"3":{"start":{"line":10,"column":8},"end":{"line":10,"column":41}},"4":{"start":{"line":11,"column":8},"end":{"line":11,"column":43}},"5":{"start":{"line":12,"column":8},"end":{"line":12,"column":22}},"6":{"start":{"line":15,"column":8},"end":{"line":15,"column":45}},"7":{"start":{"line":16,"column":8},"end":{"line":16,"column":42}},"8":{"start":{"line":17,"column":8},"end":{"line":17,"column":47}},"9":{"start":{"line":18,"column":8},"end":{"line":18,"column":42}},"10":{"start":{"line":19,"column":8},"end":{"line":19,"column":41}},"11":{"start":{"line":20,"column":8},"end":{"line":20,"column":46}},"12":{"start":{"line":21,"column":8},"end":{"line":21,"column":29}},"13":{"start":{"line":24,"column":0},"end":{"line":24,"column":20}}},"branchMap":{}}}